<?xml version="1.0" encoding="UTF-8"?>
<!-- Generated by org.testng.reporters.JUnitReportReporter -->
<testsuite hostname="shivani" failures="0" tests="4" name="api.test.UserTests" time="8.026" errors="0" timestamp="2023-10-04T18:15:44 IST" skipped="0">
  <testcase classname="api.test.UserTests" name="testPostUser" time="2.833"/>
  <system-out/>
  <testcase classname="api.test.UserTests" name="testGetUserByName" time="1.163"/>
  <system-out/>
  <testcase classname="api.test.UserTests" name="testUpdateUserByName" time="2.240"/>
  <system-out/>
  <testcase classname="api.test.UserTests" name="testDeleteUserByName" time="1.790"/>
  <system-out/>
</testsuite> <!-- api.test.UserTests -->
