<?xml version="1.0" encoding="UTF-8"?>
<!-- Generated by org.testng.reporters.JUnitReportReporter -->
<testsuite hostname="shivani" failures="0" tests="4" name="api.test.UserTests2" time="8.356" errors="0" timestamp="2023-10-04T21:25:32 IST" skipped="0">
  <testcase classname="api.test.UserTests2" name="testPostUser" time="3.124"/>
  <system-out/>
  <testcase classname="api.test.UserTests2" name="testGetUserByName" time="1.407"/>
  <system-out/>
  <testcase classname="api.test.UserTests2" name="testUpdateUserByName" time="2.660"/>
  <system-out/>
  <testcase classname="api.test.UserTests2" name="testDeleteUserByName" time="1.165"/>
  <system-out/>
</testsuite> <!-- api.test.UserTests2 -->
