<?xml version="1.0" encoding="UTF-8"?>
<!-- Generated by org.testng.reporters.JUnitReportReporter -->
<testsuite hostname="shivani" failures="0" tests="6" name="api.test.DDTests" time="9.210" errors="0" timestamp="2023-10-03T23:08:57 IST" skipped="0">
  <testcase classname="api.test.DDTests" name="testPostuser" time="3.125"/>
  <system-out/>
  <testcase classname="api.test.DDTests" name="testPostuser" time="1.320"/>
  <system-out/>
  <testcase classname="api.test.DDTests" name="testPostuser" time="1.288"/>
  <system-out/>
  <testcase classname="api.test.DDTests" name="testDeleteUserByName" time="1.157"/>
  <system-out/>
  <testcase classname="api.test.DDTests" name="testDeleteUserByName" time="1.143"/>
  <system-out/>
  <testcase classname="api.test.DDTests" name="testDeleteUserByName" time="1.177"/>
  <system-out/>
</testsuite> <!-- api.test.DDTests -->
