<?xml version="1.0" encoding="UTF-8"?>
<!-- Generated by org.testng.reporters.JUnitReportReporter -->
<testsuite hostname="shivani" failures="0" tests="4" name="api.test.UserTests2" time="7.780" errors="0" timestamp="2023-10-05T16:08:39 IST" skipped="0">
  <testcase classname="api.test.UserTests2" name="testPostUser" time="3.068"/>
  <system-out/>
  <testcase classname="api.test.UserTests2" name="testGetUserByName" time="1.199"/>
  <system-out/>
  <testcase classname="api.test.UserTests2" name="testUpdateUserByName" time="2.392"/>
  <system-out/>
  <testcase classname="api.test.UserTests2" name="testDeleteUserByName" time="1.121"/>
  <system-out/>
</testsuite> <!-- api.test.UserTests2 -->
